This is pdfTeXk, Version 3.141592-1.40.3 (Web2C 7.5.6) (format=pdflatex 2009.5.21)  16 AUG 2009 07:07
entering extended mode
 %&-line parsing enabled.
**report.tex
(./report.tex
LaTeX2e <2005/12/01>
Babel <v3.8h> and hyphenation patterns for english, usenglishmax, dumylang, noh
yphenation, loaded.
(/usr/share/texmf-texlive/tex/latex/base/report.cls
Document Class: report 2005/09/16 v1.4f Standard LaTeX document class
(/usr/share/texmf-texlive/tex/latex/base/size11.clo
File: size11.clo 2005/09/16 v1.4f Standard LaTeX file (size option)
)
\c@part=\count79
\c@chapter=\count80
\c@section=\count81
\c@subsection=\count82
\c@subsubsection=\count83
\c@paragraph=\count84
\c@subparagraph=\count85
\c@figure=\count86
\c@table=\count87
\abovecaptionskip=\skip41
\belowcaptionskip=\skip42
\bibindent=\dimen102
)
(/usr/share/texmf-texlive/tex/latex/graphics/graphicx.sty
Package: graphicx 1999/02/16 v1.0f Enhanced LaTeX Graphics (DPC,SPQR)

(/usr/share/texmf-texlive/tex/latex/graphics/keyval.sty
Package: keyval 1999/03/16 v1.13 key=value parser (DPC)
\KV@toks@=\toks14
)
(/usr/share/texmf-texlive/tex/latex/graphics/graphics.sty
Package: graphics 2006/02/20 v1.0o Standard LaTeX Graphics (DPC,SPQR)

(/usr/share/texmf-texlive/tex/latex/graphics/trig.sty
Package: trig 1999/03/16 v1.09 sin cos tan (DPC)
)
(/etc/texmf/tex/latex/config/graphics.cfg
File: graphics.cfg 2007/01/18 v1.5 graphics configuration of teTeX/TeXLive
)
Package graphics Info: Driver file: pdftex.def on input line 90.

(/usr/share/texmf-texlive/tex/latex/pdftex-def/pdftex.def
File: pdftex.def 2007/01/08 v0.04d Graphics/color for pdfTeX
\Gread@gobject=\count88
))
\Gin@req@height=\dimen103
\Gin@req@width=\dimen104
)
(/usr/share/texmf-texlive/tex/latex/amsfonts/amssymb.sty
Package: amssymb 2002/01/22 v2.2d

(/usr/share/texmf-texlive/tex/latex/amsfonts/amsfonts.sty
Package: amsfonts 2001/10/25 v2.2f
\@emptytoks=\toks15
\symAMSa=\mathgroup4
\symAMSb=\mathgroup5
LaTeX Font Info:    Overwriting math alphabet `\mathfrak' in version `bold'
(Font)                  U/euf/m/n --> U/euf/b/n on input line 132.
))
(/usr/share/texmf-texlive/tex/latex/amsmath/amstext.sty
Package: amstext 2000/06/29 v2.01

(/usr/share/texmf-texlive/tex/latex/amsmath/amsgen.sty
File: amsgen.sty 1999/11/30 v2.0
\@emptytoks=\toks16
\ex@=\dimen105
))
(/usr/share/texmf-texlive/tex/latex/amsmath/amsmath.sty
Package: amsmath 2000/07/18 v2.13 AMS math features
\@mathmargin=\skip43

For additional information on amsmath, use the `?' option.
(/usr/share/texmf-texlive/tex/latex/amsmath/amsbsy.sty
Package: amsbsy 1999/11/29 v1.2d
\pmbraise@=\dimen106
)
(/usr/share/texmf-texlive/tex/latex/amsmath/amsopn.sty
Package: amsopn 1999/12/14 v2.01 operator names
)
\inf@bad=\count89
LaTeX Info: Redefining \frac on input line 211.
\uproot@=\count90
\leftroot@=\count91
LaTeX Info: Redefining \overline on input line 307.
\classnum@=\count92
\DOTSCASE@=\count93
LaTeX Info: Redefining \ldots on input line 379.
LaTeX Info: Redefining \dots on input line 382.
LaTeX Info: Redefining \cdots on input line 467.
\Mathstrutbox@=\box26
\strutbox@=\box27
\big@size=\dimen107
LaTeX Font Info:    Redeclaring font encoding OML on input line 567.
LaTeX Font Info:    Redeclaring font encoding OMS on input line 568.
\macc@depth=\count94
\c@MaxMatrixCols=\count95
\dotsspace@=\muskip10
\c@parentequation=\count96
\dspbrk@lvl=\count97
\tag@help=\toks17
\row@=\count98
\column@=\count99
\maxfields@=\count100
\andhelp@=\toks18
\eqnshift@=\dimen108
\alignsep@=\dimen109
\tagshift@=\dimen110
\tagwidth@=\dimen111
\totwidth@=\dimen112
\lineht@=\dimen113
\@envbody=\toks19
\multlinegap=\skip44
\multlinetaggap=\skip45
\mathdisplay@stack=\toks20
LaTeX Info: Redefining \[ on input line 2666.
LaTeX Info: Redefining \] on input line 2667.
)
(/usr/share/texmf-texlive/tex/latex/geometry/geometry.sty
Package: geometry 2002/07/08 v3.2 Page Geometry
\Gm@cnth=\count101
\Gm@cntv=\count102
\c@Gm@tempcnt=\count103
\Gm@bindingoffset=\dimen114
\Gm@wd@mp=\dimen115
\Gm@odd@mp=\dimen116
\Gm@even@mp=\dimen117
\Gm@dimlist=\toks21
)
(/usr/share/texmf-texlive/tex/latex/fancyhdr/fancyhdr.sty
\fancy@headwidth=\skip46
\f@ncyO@elh=\skip47
\f@ncyO@erh=\skip48
\f@ncyO@olh=\skip49
\f@ncyO@orh=\skip50
\f@ncyO@elf=\skip51
\f@ncyO@erf=\skip52
\f@ncyO@olf=\skip53
\f@ncyO@orf=\skip54
)
(/usr/share/texmf-texlive/tex/latex/tools/indentfirst.sty
Package: indentfirst 1995/11/23 v1.03 Indent first paragraph (DPC)
)
(/usr/share/texmf-texlive/tex/latex/hyperref/hyperref.sty
Package: hyperref 2007/02/07 v6.75r Hypertext links for LaTeX
\@linkdim=\dimen118
\Hy@linkcounter=\count104
\Hy@pagecounter=\count105

(/usr/share/texmf-texlive/tex/latex/hyperref/pd1enc.def
File: pd1enc.def 2007/02/07 v6.75r Hyperref: PDFDocEncoding definition (HO)
)
(/etc/texmf/tex/latex/config/hyperref.cfg
File: hyperref.cfg 2002/06/06 v1.2 hyperref configuration of TeXLive
)
(/usr/share/texmf-texlive/tex/latex/oberdiek/kvoptions.sty
Package: kvoptions 2006/08/22 v2.4 Connects package keyval with LaTeX options (
HO)
)
Package hyperref Info: Hyper figures OFF on input line 2288.
Package hyperref Info: Link nesting OFF on input line 2293.
Package hyperref Info: Hyper index ON on input line 2296.
Package hyperref Info: Plain pages OFF on input line 2303.
Package hyperref Info: Backreferencing OFF on input line 2308.

Implicit mode ON; LaTeX internals redefined
Package hyperref Info: Bookmarks ON on input line 2444.
(/usr/share/texmf-texlive/tex/latex/ltxmisc/url.sty
\Urlmuskip=\muskip11
Package: url 2005/06/27  ver 3.2  Verb mode for urls, etc.
)
LaTeX Info: Redefining \url on input line 2599.
\Fld@menulength=\count106
\Field@Width=\dimen119
\Fld@charsize=\dimen120
\Choice@toks=\toks22
\Field@toks=\toks23
Package hyperref Info: Hyper figures OFF on input line 3102.
Package hyperref Info: Link nesting OFF on input line 3107.
Package hyperref Info: Hyper index ON on input line 3110.
Package hyperref Info: backreferencing OFF on input line 3117.
Package hyperref Info: Link coloring OFF on input line 3122.
\Hy@abspage=\count107
\c@Item=\count108
\c@Hfootnote=\count109
)
*hyperref using default driver hpdftex*
(/usr/share/texmf-texlive/tex/latex/hyperref/hpdftex.def
File: hpdftex.def 2007/02/07 v6.75r Hyperref driver for pdfTeX
\Fld@listcount=\count110
)

Package hyperref Warning: Option `backref' has already been used,
(hyperref)                setting the option has no effect on input line 43.


Package hyperref Warning: Option `pagebackref' has already been used,
(hyperref)                setting the option has no effect on input line 43.


Package hyperref Warning: Option `hyperindex' has already been used,
(hyperref)                setting the option has no effect on input line 43.

Package hyperref Info: Option `colorlinks' set `false' on input line 43.
Package hyperref Info: Option `breaklinks' set `true' on input line 43.

Package hyperref Warning: Option `bookmarks' has already been used,
(hyperref)                setting the option has no effect on input line 43.

(./report.aux (./chap1.aux) (./chap2.aux) (./chap3.aux) (./chap4.aux)
(./biblio.aux) (./app1.aux) (./app3.aux))
\openout1 = `report.aux'.

LaTeX Font Info:    Checking defaults for OML/cmm/m/it on input line 47.
LaTeX Font Info:    ... okay on input line 47.
LaTeX Font Info:    Checking defaults for T1/cmr/m/n on input line 47.
LaTeX Font Info:    ... okay on input line 47.
LaTeX Font Info:    Checking defaults for OT1/cmr/m/n on input line 47.
LaTeX Font Info:    ... okay on input line 47.
LaTeX Font Info:    Checking defaults for OMS/cmsy/m/n on input line 47.
LaTeX Font Info:    ... okay on input line 47.
LaTeX Font Info:    Checking defaults for OMX/cmex/m/n on input line 47.
LaTeX Font Info:    ... okay on input line 47.
LaTeX Font Info:    Checking defaults for U/cmr/m/n on input line 47.
LaTeX Font Info:    ... okay on input line 47.
LaTeX Font Info:    Checking defaults for PD1/pdf/m/n on input line 47.
LaTeX Font Info:    ... okay on input line 47.
-------------------- Geometry parameters
paper: a4paper
landscape: --
twocolumn: --
twoside: --
asymmetric: --
h-parts: 65.44142pt, 466.62503pt, 65.44142pt
v-parts: 36.98866pt, 771.06952pt, 36.98866pt
hmarginratio: --
vmarginratio: --
lines: --
heightrounded: --
bindingoffset: 0.0pt
truedimen: --
includehead: true
includefoot: true
includemp: --
driver: pdftex
-------------------- Page layout dimensions and switches
\paperwidth  597.50787pt
\paperheight 845.04684pt
\textwidth  466.62503pt
\textheight 704.06952pt
\oddsidemargin  -6.82857pt
\evensidemargin -6.82857pt
\topmargin  -35.28133pt
\headheight 12.0pt
\headsep    25.0pt
\footskip   30.0pt
\marginparwidth 50.0pt
\marginparsep   10.0pt
\columnsep  10.0pt
\skip\footins  10.0pt plus 4.0pt minus 2.0pt
\hoffset 0.0pt
\voffset 0.0pt
\mag 1000

(1in=72.27pt, 1cm=28.45pt)
-----------------------
Package hyperref Info: Link coloring OFF on input line 47.

(/usr/share/texmf-texlive/tex/latex/hyperref/nameref.sty
Package: nameref 2006/12/27 v2.28 Cross-referencing by name of section

(/usr/share/texmf-texlive/tex/latex/oberdiek/refcount.sty
Package: refcount 2006/02/20 v3.0 Data extraction from references (HO)
)
\c@section@level=\count111
)
LaTeX Info: Redefining \ref on input line 47.
LaTeX Info: Redefining \pageref on input line 47.
 (./report.out)
(./report.out)
\@outlinefile=\write3
\openout3 = `report.out'.

 <Images/Logos/logo_ISEN.jpg, id=250, 554.7927pt x 327.1422pt>
File: Images/Logos/logo_ISEN.jpg Graphic file (type jpg)

<use Images/Logos/logo_ISEN.jpg>
Missing character: There is no Ã in font cmbx10!
Missing character: There is no © in font cmbx10!
Missing character: There is no Ã in font cmbx10!
Missing character: There is no © in font cmbx10!
LaTeX Font Info:    Try loading font information for U+msa on input line 98.

(/usr/share/texmf-texlive/tex/latex/amsfonts/umsa.fd
File: umsa.fd 2002/01/19 v2.2g AMS font definitions
)
LaTeX Font Info:    Try loading font information for U+msb on input line 98.

(/usr/share/texmf-texlive/tex/latex/amsfonts/umsb.fd
File: umsb.fd 2002/01/19 v2.2g AMS font definitions
)
<Images/Logos/logo_spl.jpg, id=251, 150.5625pt x 120.45pt>
File: Images/Logos/logo_spl.jpg Graphic file (type jpg)

<use Images/Logos/logo_spl.jpg>
Overfull \hbox (39.44925pt too wide) in paragraph at lines 138--150
[]
 []


Overfull \hbox (24.78838pt too wide) in paragraph at lines 138--150
[]
 []


Underfull \hbox (badness 10000) in paragraph at lines 138--150

 []

[1

{/var/lib/texmf/fonts/map/pdftex/updmap/pdftex.map} <./Images/Logos/logo_ISEN.j
pg> <./Images/Logos/logo_spl.jpg>]
Underfull \hbox (badness 10000) in paragraph at lines 155--166

 []

pdfTeX warning (ext4): destination with the same identifier (name{page.1}) has 
been already used, duplicate ignored
<to be read again> 
                   \relax 
l.179 \end{abstract}
                     [1] (./report.tocpdfTeX warning (ext4): destination with t
he same identifier (name{page.1}) has been already used, duplicate ignored
<to be read again> 
                   \relax 
l.46 ... {4}Results and discussion}{29}{chapter.4}
                                                  

Package Fancyhdr Warning: \headheight is too small (12.0pt): 
 Make it at least 13.59999pt.
 We now make it that large for the rest of the document.
 This may cause the page layout to be inconsistent, however.

[1

])
\tf@toc=\write4
\openout4 = `report.toc'.

 [2] (./report.lof)
\tf@lof=\write5
\openout5 = `report.lof'.

 [3

]
\openout2 = `chap1.aux'.

 (./chap1.tex
Chapter 1.
) [4


]
\openout2 = `chap2.aux'.

 (./chap2.tex
Chapter 2.
[5



]
Overfull \hbox (1.11708pt too wide) in paragraph at lines 30--31
[]$\OML/cmm/m/it/10.95 Y$ \OT1/cmr/m/n/10.95 and $\OML/cmm/m/it/10.95 Z$ \OT1/c
mr/m/n/10.95 can be viewed as $\OML/cmm/m/it/10.95 n$\OT1/cmr/m/n/10.95 -dimens
ional ran-dom vari-ables $\OML/cmm/m/it/10.95 Y \OT1/cmr/m/n/10.95 = \OMS/cmsy/
m/n/10.95 f\OML/cmm/m/it/10.95 Y[]; :::; Y[]\OMS/cmsy/m/n/10.95 g$ \OT1/cmr/m/n
/10.95 and $\OML/cmm/m/it/10.95 Z \OT1/cmr/m/n/10.95 = \OMS/cmsy/m/n/10.95 f\OM
L/cmm/m/it/10.95 Z[]; :::; Z[]\OMS/cmsy/m/n/10.95 g$
 []

[6] [7]
Underfull \hbox (badness 10000) in paragraph at lines 183--184

 []

LaTeX Font Info:    Try loading font information for OMS+cmr on input line 186.

(/usr/share/texmf-texlive/tex/latex/base/omscmr.fd
File: omscmr.fd 1999/05/25 v2.5h Standard LaTeX font definitions
)
LaTeX Font Info:    Font shape `OMS/cmr/m/n' in size <10.95> not available
(Font)              Font shape `OMS/cmsy/m/n' tried instead on input line 186.

Underfull \hbox (badness 10000) in paragraph at lines 186--188

 []

[8]
Underfull \hbox (badness 10000) in paragraph at lines 193--195

 []

[9]
Overfull \hbox (5.719pt too wide) in paragraph at lines 238--239
[]\OT1/cmr/m/n/10.95 We can de-duce this in-equal-ity from Jensen's in-equal-it
y (see App. []A[], Sec. []A.3[]) since $\OML/cmm/m/it/10.95 p\OT1/cmr/m/n/10.95
 (\OML/cmm/m/it/10.95 z[]\OMS/cmsy/m/n/10.95 j\OML/cmm/m/it/10.95 Y[]; \OT1/cmr
/m/n/10.95 ^^H[])$
 []


Underfull \hbox (badness 10000) in paragraph at lines 265--266

 []

[10]
Underfull \hbox (badness 10000) in paragraph at lines 289--290

 []


Underfull \hbox (badness 10000) in paragraph at lines 296--299

 []


Underfull \hbox (badness 10000) in paragraph at lines 315--316

 []

[11] <Images/Graphics/EMSimple.png, id=476, 435.6275pt x 772.8875pt>
File: Images/Graphics/EMSimple.png Graphic file (type png)

<use Images/Graphics/EMSimple.png> [12 <./Images/Graphics/EMSimple.png (PNG cop
y)>]
Overfull \hbox (19.45454pt too wide) in paragraph at lines 357--358
[]\OT1/cmr/m/n/10.95 Let $\OML/cmm/m/it/10.95 Y \OT1/cmr/m/n/10.95 = (\OML/cmm/
m/it/10.95 Y[]; :::; Y[]\OT1/cmr/m/n/10.95 )$ and $\OML/cmm/m/it/10.95 Y[] \OT1
/cmr/m/n/10.95 = (\OML/cmm/m/it/10.95 Y[]; :::; Y[]\OT1/cmr/m/n/10.95 )$ be the
 log-transformed ob-served and ideal intensities.$\OML/cmm/m/it/10.95 B \OT1/cm
r/m/n/10.95 =
 []


Underfull \hbox (badness 10000) in paragraph at lines 377--379

 []

[13]
Underfull \hbox (badness 10000) in paragraph at lines 383--384

 []


Underfull \hbox (badness 10000) in paragraph at lines 389--390

 []

[14] <Images/Graphics/treeStructure.png, id=514, 513.92pt x 245.91875pt>
File: Images/Graphics/treeStructure.png Graphic file (type png)

<use Images/Graphics/treeStructure.png> [15]
<Images/Graphics/workflowtheorical.png, id=527, 676.5275pt x 796.9775pt>
File: Images/Graphics/workflowtheorical.png Graphic file (type png)

<use Images/Graphics/workflowtheorical.png> [16 <./Images/Graphics/treeStructur
e.png (PNG copy)>] [17 <./Images/Graphics/workflowtheorical.png (PNG copy)>]
[18] <Images/Graphics/wholepipeline.png, id=550, 965.6075pt x 893.3375pt>
File: Images/Graphics/wholepipeline.png Graphic file (type png)

<use Images/Graphics/wholepipeline.png>
Underfull \hbox (badness 10000) in paragraph at lines 603--604

 []

[19 <./Images/Graphics/wholepipeline.png (PNG copy)>]) [20]
\openout2 = `chap3.aux'.

 (./chap3.tex
Chapter 3.
<Images/Screenshots/badRegistration.png, id=561, 642.4pt x 564.1075pt>
File: Images/Screenshots/badRegistration.png Graphic file (type png)

<use Images/Screenshots/badRegistration.png> [21



]
<Images/Graphics/bfnwf.png, id=572, 1467.4825pt x 531.9875pt>
File: Images/Graphics/bfnwf.png Graphic file (type png)

<use Images/Graphics/bfnwf.png>
<Images/Screenshots/goodRegistration.png, id=574, 642.4pt x 564.1075pt>
File: Images/Screenshots/goodRegistration.png Graphic file (type png)

<use Images/Screenshots/goodRegistration.png> [22 <./Images/Screenshots/badRegi
stration.png> <./Images/Graphics/bfnwf.png (PNG copy)>]
<Images/Screenshots/labelmaps.png, id=580, 642.4pt x 564.1075pt>
File: Images/Screenshots/labelmaps.png Graphic file (type png)

<use Images/Screenshots/labelmaps.png> [23 <./Images/Screenshots/goodRegistrati
on.png>] [24 <./Images/Screenshots/labelmaps.png>]
<Images/Screenshots/intensityNormalization.png, id=598, 280.32pt x 244.09561pt>
File: Images/Screenshots/intensityNormalization.png Graphic file (type png)
<use Images/Screenshots/intensityNormalization.png> [25]
Underfull \hbox (badness 10000) in paragraph at lines 163--172

 []


Underfull \hbox (badness 10000) in paragraph at lines 186--194

 []


Underfull \hbox (badness 10000) in paragraph at lines 153--198

 []


Underfull \hbox (badness 10000) in paragraph at lines 153--198

 []


Underfull \hbox (badness 10000) in paragraph at lines 153--198

 []


Underfull \hbox (badness 10000) in paragraph at lines 153--198

 []


Underfull \hbox (badness 10000) in paragraph at lines 153--198

 []


Underfull \hbox (badness 10000) in paragraph at lines 153--198

 []


Underfull \hbox (badness 10000) in paragraph at lines 153--198

 []

[26 <./Images/Screenshots/intensityNormalization.png (PNG copy)>]
<Images/Screenshots/GlobalPrior.png, id=613, 803.0pt x 602.25pt>
File: Images/Screenshots/GlobalPrior.png Graphic file (type png)

<use Images/Screenshots/GlobalPrior.png>) [27] [28 <./Images/Screenshots/Global
Prior.png>]
\openout2 = `chap4.aux'.

 (./chap4.tex
Chapter 4.
<Images/Screenshots/NC_C_L.png, id=626, 722.7pt x 511.0pt>
File: Images/Screenshots/NC_C_L.png Graphic file (type png)

<use Images/Screenshots/NC_C_L.png> [29



]
<Images/Screenshots/C_M_L.png, id=635, 722.7pt x 511.0pt>
File: Images/Screenshots/C_M_L.png Graphic file (type png)

<use Images/Screenshots/C_M_L.png> [30 <./Images/Screenshots/NC_C_L.png> <./Ima
ges/Screenshots/C_M_L.png>] [31]) [32]
\openout2 = `biblio.aux'.

 (./biblio.tex
Underfull \hbox (badness 2671) in paragraph at lines 29--31
[]\OT1/cmr/m/n/10.95 N. Tusti-son, "Nick's N3 ITK Im-ple-men-ta-tion For MRI Bi
as Field Cor-rec-tion",
 []


Overfull \hbox (98.55403pt too wide) in paragraph at lines 31--33
[]\OT1/cmr/m/n/10.95 Wikipedia, "Mul-ti-vari-ate Nor-mal Dis-tri-bu-tion", \OT1
/cmr/m/sl/10.95 http://en.wikipedia.org/wiki/Multivariate$[]$normal$[]$distribu
tion\OT1/cmr/m/n/10.95 ,
 []

[33



]) [34]
\openout2 = `app1.aux'.

 (./app1.tex
Appendix A.
[35



]
Underfull \hbox (badness 10000) in paragraph at lines 60--61

 []


Underfull \hbox (badness 10000) in paragraph at lines 62--64

 []

[36]) [37]
\openout2 = `app3.aux'.

 (./app3.tex
Appendix B.
<Images/Screenshots/EMS_MANUAL_AXIAL.png, id=678, 361.35pt x 511.0pt>
File: Images/Screenshots/EMS_MANUAL_AXIAL.png Graphic file (type png)

<use Images/Screenshots/EMS_MANUAL_AXIAL.png>
<Images/Screenshots/EMS_MANUAL_CORONAL.png, id=679, 325.215pt x 511.0pt>
File: Images/Screenshots/EMS_MANUAL_CORONAL.png Graphic file (type png)

<use Images/Screenshots/EMS_MANUAL_CORONAL.png>

LaTeX Warning: Float too large for page by 68.51042pt on input line 21.

<Images/Screenshots/EMS_MANUAL_SAGITTAL.png, id=680, 433.62pt x 511.0pt>
File: Images/Screenshots/EMS_MANUAL_SAGITTAL.png Graphic file (type png)

<use Images/Screenshots/EMS_MANUAL_SAGITTAL.png>) [38



] [39 <./Images/Screenshots/EMS_MANUAL_AXIAL.png>] [40 <./Images/Screenshots/EM
S_MANUAL_CORONAL.png>]
[41 <./Images/Screenshots/EMS_MANUAL_SAGITTAL.png>] (./report.aux (./chap1.aux)
(./chap2.aux) (./chap3.aux) (./chap4.aux) (./biblio.aux) (./app1.aux)
(./app3.aux)) ) 
Here is how much of TeX's memory you used:
 4321 strings out of 95086
 57998 string characters out of 1183255
 121762 words of memory out of 1500000
 7201 multiletter control sequences out of 10000+50000
 16775 words of font info for 61 fonts, out of 1200000 for 2000
 28 hyphenation exceptions out of 8191
 27i,11n,50p,1034b,473s stack positions out of 5000i,500n,6000p,200000b,5000s
</usr/share/texmf-texlive/fonts/type1/bluesky/cm/cmbx10.pfb></us
r/share/texmf-texlive/fonts/type1/bluesky/cm/cmbx12.pfb></usr/share/texmf-texli
ve/fonts/type1/bluesky/cm/cmbx8.pfb></usr/share/texmf-texlive/fonts/type1/blues
ky/cm/cmcsc10.pfb></usr/share/texmf-texlive/fonts/type1/bluesky/cm/cmex10.pfb><
/usr/share/texmf-texlive/fonts/type1/bluesky/cm/cmmi10.pfb></usr/share/texmf-te
xlive/fonts/type1/bluesky/cm/cmmi6.pfb></usr/share/texmf-texlive/fonts/type1/bl
uesky/cm/cmmi8.pfb></usr/share/texmf-texlive/fonts/type1/bluesky/cm/cmr10.pfb><
/usr/share/texmf-texlive/fonts/type1/bluesky/cm/cmr17.pfb></usr/share/texmf-tex
live/fonts/type1/bluesky/cm/cmr6.pfb></usr/share/texmf-texlive/fonts/type1/blue
sky/cm/cmr8.pfb></usr/share/texmf-texlive/fonts/type1/bluesky/cm/cmr9.pfb></usr
/share/texmf-texlive/fonts/type1/bluesky/cm/cmsl10.pfb></usr/share/texmf-texliv
e/fonts/type1/bluesky/cm/cmsy10.pfb></usr/share/texmf-texlive/fonts/type1/blues
ky/cm/cmsy6.pfb></usr/share/texmf-texlive/fonts/type1/bluesky/cm/cmsy8.pfb></us
r/share/texmf-texlive/fonts/type1/bluesky/cm/cmti10.pfb></usr/share/texmf-texli
ve/fonts/type1/bluesky/ams/msam10.pfb></usr/share/texmf-texlive/fonts/type1/blu
esky/ams/msbm10.pfb>
Output written on report.pdf (43 pages, 1103507 bytes).
PDF statistics:
 802 PDF objects out of 1000 (max. 8388607)
 171 named destinations out of 1000 (max. 131072)
 590 words of extra memory for PDF output out of 10000 (max. 10000000)

