This is pdfTeXk, Version 3.141592-1.40.3 (Web2C 7.5.6) (format=pdflatex 2009.5.21)  20 AUG 2009 18:59
entering extended mode
 %&-line parsing enabled.
**report.tex
(./report.tex
LaTeX2e <2005/12/01>
Babel <v3.8h> and hyphenation patterns for english, usenglishmax, dumylang, noh
yphenation, loaded.
(/usr/share/texmf-texlive/tex/latex/base/report.cls
Document Class: report 2005/09/16 v1.4f Standard LaTeX document class
(/usr/share/texmf-texlive/tex/latex/base/size11.clo
File: size11.clo 2005/09/16 v1.4f Standard LaTeX file (size option)
)
\c@part=\count79
\c@chapter=\count80
\c@section=\count81
\c@subsection=\count82
\c@subsubsection=\count83
\c@paragraph=\count84
\c@subparagraph=\count85
\c@figure=\count86
\c@table=\count87
\abovecaptionskip=\skip41
\belowcaptionskip=\skip42
\bibindent=\dimen102
)
(/usr/share/texmf-texlive/tex/latex/graphics/graphicx.sty
Package: graphicx 1999/02/16 v1.0f Enhanced LaTeX Graphics (DPC,SPQR)

(/usr/share/texmf-texlive/tex/latex/graphics/keyval.sty
Package: keyval 1999/03/16 v1.13 key=value parser (DPC)
\KV@toks@=\toks14
)
(/usr/share/texmf-texlive/tex/latex/graphics/graphics.sty
Package: graphics 2006/02/20 v1.0o Standard LaTeX Graphics (DPC,SPQR)

(/usr/share/texmf-texlive/tex/latex/graphics/trig.sty
Package: trig 1999/03/16 v1.09 sin cos tan (DPC)
)
(/etc/texmf/tex/latex/config/graphics.cfg
File: graphics.cfg 2007/01/18 v1.5 graphics configuration of teTeX/TeXLive
)
Package graphics Info: Driver file: pdftex.def on input line 90.

(/usr/share/texmf-texlive/tex/latex/pdftex-def/pdftex.def
File: pdftex.def 2007/01/08 v0.04d Graphics/color for pdfTeX
\Gread@gobject=\count88
))
\Gin@req@height=\dimen103
\Gin@req@width=\dimen104
)
(/usr/share/texmf-texlive/tex/latex/amsfonts/amssymb.sty
Package: amssymb 2002/01/22 v2.2d

(/usr/share/texmf-texlive/tex/latex/amsfonts/amsfonts.sty
Package: amsfonts 2001/10/25 v2.2f
\@emptytoks=\toks15
\symAMSa=\mathgroup4
\symAMSb=\mathgroup5
LaTeX Font Info:    Overwriting math alphabet `\mathfrak' in version `bold'
(Font)                  U/euf/m/n --> U/euf/b/n on input line 132.
))
(/usr/share/texmf-texlive/tex/latex/amsmath/amstext.sty
Package: amstext 2000/06/29 v2.01

(/usr/share/texmf-texlive/tex/latex/amsmath/amsgen.sty
File: amsgen.sty 1999/11/30 v2.0
\@emptytoks=\toks16
\ex@=\dimen105
))
(/usr/share/texmf-texlive/tex/latex/amsmath/amsmath.sty
Package: amsmath 2000/07/18 v2.13 AMS math features
\@mathmargin=\skip43

For additional information on amsmath, use the `?' option.
(/usr/share/texmf-texlive/tex/latex/amsmath/amsbsy.sty
Package: amsbsy 1999/11/29 v1.2d
\pmbraise@=\dimen106
)
(/usr/share/texmf-texlive/tex/latex/amsmath/amsopn.sty
Package: amsopn 1999/12/14 v2.01 operator names
)
\inf@bad=\count89
LaTeX Info: Redefining \frac on input line 211.
\uproot@=\count90
\leftroot@=\count91
LaTeX Info: Redefining \overline on input line 307.
\classnum@=\count92
\DOTSCASE@=\count93
LaTeX Info: Redefining \ldots on input line 379.
LaTeX Info: Redefining \dots on input line 382.
LaTeX Info: Redefining \cdots on input line 467.
\Mathstrutbox@=\box26
\strutbox@=\box27
\big@size=\dimen107
LaTeX Font Info:    Redeclaring font encoding OML on input line 567.
LaTeX Font Info:    Redeclaring font encoding OMS on input line 568.
\macc@depth=\count94
\c@MaxMatrixCols=\count95
\dotsspace@=\muskip10
\c@parentequation=\count96
\dspbrk@lvl=\count97
\tag@help=\toks17
\row@=\count98
\column@=\count99
\maxfields@=\count100
\andhelp@=\toks18
\eqnshift@=\dimen108
\alignsep@=\dimen109
\tagshift@=\dimen110
\tagwidth@=\dimen111
\totwidth@=\dimen112
\lineht@=\dimen113
\@envbody=\toks19
\multlinegap=\skip44
\multlinetaggap=\skip45
\mathdisplay@stack=\toks20
LaTeX Info: Redefining \[ on input line 2666.
LaTeX Info: Redefining \] on input line 2667.
)
(/usr/share/texmf-texlive/tex/latex/geometry/geometry.sty
Package: geometry 2002/07/08 v3.2 Page Geometry
\Gm@cnth=\count101
\Gm@cntv=\count102
\c@Gm@tempcnt=\count103
\Gm@bindingoffset=\dimen114
\Gm@wd@mp=\dimen115
\Gm@odd@mp=\dimen116
\Gm@even@mp=\dimen117
\Gm@dimlist=\toks21
)
(/usr/share/texmf-texlive/tex/latex/fancyhdr/fancyhdr.sty
\fancy@headwidth=\skip46
\f@ncyO@elh=\skip47
\f@ncyO@erh=\skip48
\f@ncyO@olh=\skip49
\f@ncyO@orh=\skip50
\f@ncyO@elf=\skip51
\f@ncyO@erf=\skip52
\f@ncyO@olf=\skip53
\f@ncyO@orf=\skip54
)
(/usr/share/texmf-texlive/tex/latex/tools/indentfirst.sty
Package: indentfirst 1995/11/23 v1.03 Indent first paragraph (DPC)
)
(/usr/share/texmf-texlive/tex/latex/hyperref/hyperref.sty
Package: hyperref 2007/02/07 v6.75r Hypertext links for LaTeX
\@linkdim=\dimen118
\Hy@linkcounter=\count104
\Hy@pagecounter=\count105

(/usr/share/texmf-texlive/tex/latex/hyperref/pd1enc.def
File: pd1enc.def 2007/02/07 v6.75r Hyperref: PDFDocEncoding definition (HO)
)
(/etc/texmf/tex/latex/config/hyperref.cfg
File: hyperref.cfg 2002/06/06 v1.2 hyperref configuration of TeXLive
)
(/usr/share/texmf-texlive/tex/latex/oberdiek/kvoptions.sty
Package: kvoptions 2006/08/22 v2.4 Connects package keyval with LaTeX options (
HO)
)
Package hyperref Info: Hyper figures OFF on input line 2288.
Package hyperref Info: Link nesting OFF on input line 2293.
Package hyperref Info: Hyper index ON on input line 2296.
Package hyperref Info: Plain pages OFF on input line 2303.
Package hyperref Info: Backreferencing OFF on input line 2308.

Implicit mode ON; LaTeX internals redefined
Package hyperref Info: Bookmarks ON on input line 2444.
(/usr/share/texmf-texlive/tex/latex/ltxmisc/url.sty
\Urlmuskip=\muskip11
Package: url 2005/06/27  ver 3.2  Verb mode for urls, etc.
)
LaTeX Info: Redefining \url on input line 2599.
\Fld@menulength=\count106
\Field@Width=\dimen119
\Fld@charsize=\dimen120
\Choice@toks=\toks22
\Field@toks=\toks23
Package hyperref Info: Hyper figures OFF on input line 3102.
Package hyperref Info: Link nesting OFF on input line 3107.
Package hyperref Info: Hyper index ON on input line 3110.
Package hyperref Info: backreferencing OFF on input line 3117.
Package hyperref Info: Link coloring OFF on input line 3122.
\Hy@abspage=\count107
\c@Item=\count108
\c@Hfootnote=\count109
)
*hyperref using default driver hpdftex*
(/usr/share/texmf-texlive/tex/latex/hyperref/hpdftex.def
File: hpdftex.def 2007/02/07 v6.75r Hyperref driver for pdfTeX
\Fld@listcount=\count110
)

Package hyperref Warning: Option `backref' has already been used,
(hyperref)                setting the option has no effect on input line 44.


Package hyperref Warning: Option `pagebackref' has already been used,
(hyperref)                setting the option has no effect on input line 44.


Package hyperref Warning: Option `hyperindex' has already been used,
(hyperref)                setting the option has no effect on input line 44.

Package hyperref Info: Option `colorlinks' set `false' on input line 44.
Package hyperref Info: Option `breaklinks' set `true' on input line 44.

Package hyperref Warning: Option `bookmarks' has already been used,
(hyperref)                setting the option has no effect on input line 44.

(./report.aux (./acknowledgment.aux) (./abstract.aux) (./chap1.aux)
(./chap2.aux) (./chap3.aux) (./chap4.aux) (./conclusion.aux) (./biblio.aux)
(./app1.aux) (./app3.aux

LaTeX Warning: Label `fig:NC_C_L' multiply defined.

))
\openout1 = `report.aux'.

LaTeX Font Info:    Checking defaults for OML/cmm/m/it on input line 48.
LaTeX Font Info:    ... okay on input line 48.
LaTeX Font Info:    Checking defaults for T1/cmr/m/n on input line 48.
LaTeX Font Info:    ... okay on input line 48.
LaTeX Font Info:    Checking defaults for OT1/cmr/m/n on input line 48.
LaTeX Font Info:    ... okay on input line 48.
LaTeX Font Info:    Checking defaults for OMS/cmsy/m/n on input line 48.
LaTeX Font Info:    ... okay on input line 48.
LaTeX Font Info:    Checking defaults for OMX/cmex/m/n on input line 48.
LaTeX Font Info:    ... okay on input line 48.
LaTeX Font Info:    Checking defaults for U/cmr/m/n on input line 48.
LaTeX Font Info:    ... okay on input line 48.
LaTeX Font Info:    Checking defaults for PD1/pdf/m/n on input line 48.
LaTeX Font Info:    ... okay on input line 48.
-------------------- Geometry parameters
paper: a4paper
landscape: --
twocolumn: --
twoside: --
asymmetric: --
h-parts: 65.44142pt, 466.62503pt, 65.44142pt
v-parts: 36.98866pt, 771.06952pt, 36.98866pt
hmarginratio: --
vmarginratio: --
lines: --
heightrounded: --
bindingoffset: 0.0pt
truedimen: --
includehead: true
includefoot: true
includemp: --
driver: pdftex
-------------------- Page layout dimensions and switches
\paperwidth  597.50787pt
\paperheight 845.04684pt
\textwidth  466.62503pt
\textheight 704.06952pt
\oddsidemargin  -6.82857pt
\evensidemargin -6.82857pt
\topmargin  -35.28133pt
\headheight 12.0pt
\headsep    25.0pt
\footskip   30.0pt
\marginparwidth 50.0pt
\marginparsep   10.0pt
\columnsep  10.0pt
\skip\footins  10.0pt plus 4.0pt minus 2.0pt
\hoffset 0.0pt
\voffset 0.0pt
\mag 1000

(1in=72.27pt, 1cm=28.45pt)
-----------------------
Package hyperref Info: Link coloring OFF on input line 48.
 (/usr/share/texmf-texlive/tex/latex/hyperref/nameref.sty
Package: nameref 2006/12/27 v2.28 Cross-referencing by name of section

(/usr/share/texmf-texlive/tex/latex/oberdiek/refcount.sty
Package: refcount 2006/02/20 v3.0 Data extraction from references (HO)
)
\c@section@level=\count111
)
LaTeX Info: Redefining \ref on input line 48.
LaTeX Info: Redefining \pageref on input line 48.
 (./report.out)
(./report.out)
\@outlinefile=\write3
\openout3 = `report.out'.

 <Images/Logos/logo_ISEN.jpg, id=249, 554.7927pt x 327.1422pt>
File: Images/Logos/logo_ISEN.jpg Graphic file (type jpg)

<use Images/Logos/logo_ISEN.jpg>
Missing character: There is no Ã in font cmbx10!
Missing character: There is no © in font cmbx10!
Missing character: There is no Ã in font cmbx10!
Missing character: There is no © in font cmbx10!
LaTeX Font Info:    Try loading font information for U+msa on input line 99.

(/usr/share/texmf-texlive/tex/latex/amsfonts/umsa.fd
File: umsa.fd 2002/01/19 v2.2g AMS font definitions
)
LaTeX Font Info:    Try loading font information for U+msb on input line 99.

(/usr/share/texmf-texlive/tex/latex/amsfonts/umsb.fd
File: umsb.fd 2002/01/19 v2.2g AMS font definitions
)
<Images/Logos/logo_spl.jpg, id=250, 150.5625pt x 120.45pt>
File: Images/Logos/logo_spl.jpg Graphic file (type jpg)

<use Images/Logos/logo_spl.jpg>
Overfull \hbox (39.44925pt too wide) in paragraph at lines 140--152
[]
 []


Overfull \hbox (24.78838pt too wide) in paragraph at lines 140--152
[]
 []


Underfull \hbox (badness 10000) in paragraph at lines 140--152

 []

[1

{/var/lib/texmf/fonts/map/pdftex/updmap/pdftex.map} <./Images/Logos/logo_ISEN.j
pg> <./Images/Logos/logo_spl.jpg>]
\openout2 = `acknowledgment.aux'.

 (./acknowledgment.tex
Underfull \hbox (badness 10000) in paragraph at lines 7--8

 []


Underfull \hbox (badness 10000) in paragraph at lines 11--12

 []


Underfull \hbox (badness 10000) in paragraph at lines 13--14

 []

)pdfTeX warning (ext4): destination with the same identifier (name{page.1}) has
 been already used, duplicate ignored
<to be read again> 
                   \relax 
l.156 \include{acknowledgment}
                              

Package Fancyhdr Warning: \headheight is too small (12.0pt): 
 Make it at least 13.59999pt.
 We now make it that large for the rest of the document.
 This may cause the page layout to be inconsistent, however.

[1


]
\openout2 = `abstract.aux'.

 (./abstract.tex
Underfull \hbox (badness 10000) in paragraph at lines 16--21

 []

) [2


] (./report.toc [3


])
\tf@toc=\write4
\openout4 = `report.toc'.

 [4] (./report.lof)
\tf@lof=\write5
\openout5 = `report.lof'.

 [5

]
\openout2 = `chap1.aux'.

 (./chap1.tex
Chapter 1.
) [6


]
\openout2 = `chap2.aux'.

 (./chap2.tex
Chapter 2.
[7



] [8] [9]
Underfull \hbox (badness 10000) in paragraph at lines 187--188

 []

LaTeX Font Info:    Try loading font information for OMS+cmr on input line 190.

(/usr/share/texmf-texlive/tex/latex/base/omscmr.fd
File: omscmr.fd 1999/05/25 v2.5h Standard LaTeX font definitions
)
LaTeX Font Info:    Font shape `OMS/cmr/m/n' in size <10.95> not available
(Font)              Font shape `OMS/cmsy/m/n' tried instead on input line 190.

Underfull \hbox (badness 10000) in paragraph at lines 190--192

 []

[10]
Underfull \hbox (badness 10000) in paragraph at lines 197--199

 []

[11]
Underfull \hbox (badness 10000) in paragraph at lines 269--270

 []

[12]
Underfull \hbox (badness 10000) in paragraph at lines 293--294

 []


Underfull \hbox (badness 10000) in paragraph at lines 302--303

 []


Underfull \hbox (badness 10000) in paragraph at lines 319--320

 []

<Images/Graphics/EMSimple.png, id=481, 435.6275pt x 772.8875pt>
File: Images/Graphics/EMSimple.png Graphic file (type png)

<use Images/Graphics/EMSimple.png> [13] [14 <./Images/Graphics/EMSimple.png (PN
G copy)>]
Underfull \hbox (badness 10000) in paragraph at lines 381--383

 []


Underfull \hbox (badness 10000) in paragraph at lines 387--388

 []

[15]
Underfull \hbox (badness 10000) in paragraph at lines 393--394

 []

[16] <Images/Graphics/treeStructure.png, id=531, 513.92pt x 245.91875pt>
File: Images/Graphics/treeStructure.png Graphic file (type png)

<use Images/Graphics/treeStructure.png> [17 <./Images/Graphics/treeStructure.pn
g (PNG copy)>] <Images/Graphics/newem.png, id=544, 698.61pt x 676.5275pt>
File: Images/Graphics/newem.png Graphic file (type png)

<use Images/Graphics/newem.png> [18] [19 <./Images/Graphics/newem.png (PNG copy
)>] <Images/Graphics/previousalgo.png, id=565, 1104.125pt x 401.5pt>
File: Images/Graphics/previousalgo.png Graphic file (type png)

<use Images/Graphics/previousalgo.png>
<Images/Graphics/wholepipeline.png, id=567, 965.6075pt x 893.3375pt>
File: Images/Graphics/wholepipeline.png Graphic file (type png)

<use Images/Graphics/wholepipeline.png> [20]) [21 <./Images/Graphics/previousal
go.png>] [22 <./Images/Graphics/wholepipeline.png (PNG copy)>]
\openout2 = `chap3.aux'.

 (./chap3.tex
Chapter 3.
[23



] <Images/Screenshots/labelmaps.png, id=594, 642.4pt x 281.05pt>
File: Images/Screenshots/labelmaps.png Graphic file (type png)

<use Images/Screenshots/labelmaps.png>
Underfull \hbox (badness 10000) in paragraph at lines 33--35

 []

[24 <./Images/Screenshots/labelmaps.png>]
<Images/Screenshots/classdistribution.png, id=610, 433.62pt x 226.3pt>
File: Images/Screenshots/classdistribution.png Graphic file (type png)

<use Images/Screenshots/classdistribution.png> [25]
<Images/Screenshots/badRegistration.png, id=621, 642.4pt x 564.1075pt>
File: Images/Screenshots/badRegistration.png Graphic file (type png)

<use Images/Screenshots/badRegistration.png> [26 <./Images/Screenshots/classdis
tribution.png>] <Images/Graphics/newalgo.png, id=633, 1304.875pt x 401.5pt>
File: Images/Graphics/newalgo.png Graphic file (type png)

<use Images/Graphics/newalgo.png> [27 <./Images/Screenshots/badRegistration.png
> <./Images/Graphics/newalgo.png>]
<Images/Screenshots/goodRegistration.png, id=644, 642.4pt x 564.1075pt>
File: Images/Screenshots/goodRegistration.png Graphic file (type png)

<use Images/Screenshots/goodRegistration.png>
<Images/Screenshots/jointhistograms1.png, id=646, 438.0pt x 221.2347pt>
File: Images/Screenshots/jointhistograms1.png Graphic file (type png)

<use Images/Screenshots/jointhistograms1.png>
<Images/Screenshots/jointhistograms2.png, id=648, 438.0pt x 221.2347pt>
File: Images/Screenshots/jointhistograms2.png Graphic file (type png)

<use Images/Screenshots/jointhistograms2.png> [28 <./Images/Screenshots/goodReg
istration.png>] [29 <./Images/Screenshots/jointhistograms1.png> <./Images/Scree
nshots/jointhistograms2.png (PNG copy)>]
<Images/Screenshots/biasedunbiased.png, id=661, 438.0pt x 221.2347pt>
File: Images/Screenshots/biasedunbiased.png Graphic file (type png)

<use Images/Screenshots/biasedunbiased.png> [30 <./Images/Screenshots/biasedunb
iased.png>]
<Images/Screenshots/intensityNormalization.png, id=672, 280.32pt x 244.09561pt>
File: Images/Screenshots/intensityNormalization.png Graphic file (type png)
<use Images/Screenshots/intensityNormalization.png> [31 <./Images/Screenshots/i
ntensityNormalization.png (PNG copy)>]
<Images/Screenshots/GlobalPrior.png, id=678, 803.0pt x 602.25pt>
File: Images/Screenshots/GlobalPrior.png Graphic file (type png)

<use Images/Screenshots/GlobalPrior.png>
Underfull \hbox (badness 10000) in paragraph at lines 294--295

 []

) [32 <./Images/Screenshots/GlobalPrior.png>]
\openout2 = `chap4.aux'.

 (./chap4.tex
Chapter 4.

Underfull \hbox (badness 2359) in paragraph at lines 12--13
[]\OT1/cmr/m/n/10.95 Thanks to So-nia Pu-jol, a tu-to-rial for the EM seg-men-t
a-tion in Slicer 3 is avail-
 []


Underfull \hbox (badness 7981) in paragraph at lines 12--13
\OT1/cmr/m/n/10.95 able at []$\OT1/cmtt/m/n/10.95 http : / / www . na-[]mic . o
rg / Wiki / images / 2 / 2f / AutomaticSegmentation _ SoniaPujol _
 []

<Images/Screenshots/NC.png, id=690, 730.0pt x 368.72449pt>
File: Images/Screenshots/NC.png Graphic file (type png)

<use Images/Screenshots/NC.png> [33



]
<Images/Screenshots/C_M_L.png, id=705, 730.0pt x 368.72449pt>
File: Images/Screenshots/C_M_L.png Graphic file (type png)

<use Images/Screenshots/C_M_L.png> [34 <./Images/Screenshots/NC.png (PNG copy)>
] <Images/Screenshots/NC_C_L.png, id=718, 730.0pt x 368.72449pt>
File: Images/Screenshots/NC_C_L.png Graphic file (type png)

<use Images/Screenshots/NC_C_L.png> [35 <./Images/Screenshots/C_M_L.png (PNG co
py)>]) [36 <./Images/Screenshots/NC_C_L.png (PNG copy)>]
\openout2 = `conclusion.aux'.

 (./conclusion.tex)
[37



]
\openout2 = `biblio.aux'.

 (./biblio.tex
Underfull \hbox (badness 1552) in paragraph at lines 13--15
[]\OT1/cmr/m/n/10.95 Wikipedia, "Expectation-Maximization al-go-rithm", []$\OT1
/cmtt/m/n/10.95 http : / / en . wikipedia . org / wiki /
 []


Underfull \hbox (badness 10000) in paragraph at lines 35--37
[]\OT1/cmr/m/n/10.95 Wikipedia, "Co-vari-ance ma-trix", []$\OT1/cmtt/m/n/10.95 
http : / / en . wikipedia . org / wiki / Covariance$ _
 []

[38



]) [39]
\openout2 = `app1.aux'.

 (./app1.tex
Appendix A.

Underfull \hbox (badness 10000) in paragraph at lines 6--7

 []


Underfull \hbox (badness 10000) in paragraph at lines 8--9

 []


Underfull \hbox (badness 10000) in paragraph at lines 10--11

 []

[40



]
Underfull \hbox (badness 10000) in paragraph at lines 63--64

 []


Underfull \hbox (badness 10000) in paragraph at lines 65--67

 []

[41]) [42]
\openout2 = `app3.aux'.

 (./app3.tex
Appendix B.
<Images/Screenshots/axialcomp.png, id=771, 794.97pt x 511.0pt>
File: Images/Screenshots/axialcomp.png Graphic file (type png)

<use Images/Screenshots/axialcomp.png>
<Images/Screenshots/coronalcomp.png, id=772, 722.7pt x 511.0pt>
File: Images/Screenshots/coronalcomp.png Graphic file (type png)

<use Images/Screenshots/coronalcomp.png>
<Images/Screenshots/sagittalcomp.png, id=773, 939.51pt x 511.0pt>
File: Images/Screenshots/sagittalcomp.png Graphic file (type png)

<use Images/Screenshots/sagittalcomp.png>) [43



 <./Images/Screenshots/axialcomp.png (PNG copy)>] [44 <./Images/Screenshots/cor
onalcomp.png (PNG copy)> <./Images/Screenshots/sagittalcomp.png (PNG copy)>] (.
/report.aux (./acknowledgment.aux) (./abstract.aux) (./chap1.aux) (./chap2.aux)
 (./chap3.aux) (./chap4.aux)
(./conclusion.aux) (./biblio.aux) (./app1.aux) (./app3.aux))

LaTeX Warning: There were multiply-defined labels.

 ) 
Here is how much of TeX's memory you used:
 4396 strings out of 95086
 59477 string characters out of 1183255
 123037 words of memory out of 1500000
 7236 multiletter control sequences out of 10000+50000
 15938 words of font info for 59 fonts, out of 1200000 for 2000
 28 hyphenation exceptions out of 8191
 27i,11n,51p,1107b,463s stack positions out of 5000i,500n,6000p,200000b,5000s
</usr/share/texmf-texlive/fonts/type1/bluesky/cm/cmbx10.pfb></usr/share/texmf
-texlive/fonts/type1/bluesky/cm/cmbx12.pfb></usr/share/texmf-texlive/fonts/type
1/bluesky/cm/cmbx8.pfb></usr/share/texmf-texlive/fonts/type1/bluesky/cm/cmex10.
pfb></usr/share/texmf-texlive/fonts/type1/bluesky/cm/cmmi10.pfb></usr/share/tex
mf-texlive/fonts/type1/bluesky/cm/cmmi6.pfb></usr/share/texmf-texlive/fonts/typ
e1/bluesky/cm/cmmi8.pfb></usr/share/texmf-texlive/fonts/type1/bluesky/cm/cmr10.
pfb></usr/share/texmf-texlive/fonts/type1/bluesky/cm/cmr17.pfb></usr/share/texm
f-texlive/fonts/type1/bluesky/cm/cmr6.pfb></usr/share/texmf-texlive/fonts/type1
/bluesky/cm/cmr8.pfb></usr/share/texmf-texlive/fonts/type1/bluesky/cm/cmr9.pfb>
</usr/share/texmf-texlive/fonts/type1/bluesky/cm/cmsl10.pfb></usr/share/texmf-t
exlive/fonts/type1/bluesky/cm/cmsy10.pfb></usr/share/texmf-texlive/fonts/type1/
bluesky/cm/cmsy6.pfb></usr/share/texmf-texlive/fonts/type1/bluesky/cm/cmsy8.pfb
></usr/share/texmf-texlive/fonts/type1/bluesky/cm/cmti10.pfb></usr/share/texmf-
texlive/fonts/type1/bluesky/cm/cmtt10.pfb></usr/share/texmf-texlive/fonts/type1
/bluesky/ams/msam10.pfb></usr/share/texmf-texlive/fonts/type1/bluesky/ams/msbm1
0.pfb>
Output written on report.pdf (45 pages, 2271015 bytes).
PDF statistics:
 886 PDF objects out of 1000 (max. 8388607)
 186 named destinations out of 1000 (max. 131072)
 620 words of extra memory for PDF output out of 10000 (max. 10000000)

